<?xml version="1.0" encoding="UTF-8"?>
<!-- Generated by org.testng.reporters.JUnitReportReporter -->
<testsuite skipped="0" hostname="KRISHNAGEHLOTR" name="com.mavendemo.scripts.GoogleTest" tests="1" failures="0" timestamp="12 Jan 2018 14:27:39 GMT" time="15.920" errors="0">
  <testcase name="googleTest" time="15.920" classname="com.mavendemo.scripts.GoogleTest"/>
</testsuite> <!-- com.mavendemo.scripts.GoogleTest -->
